[2022-03-10 10:42:03,949] logger_util.py->logs line:71 [INFO] ------------测试开始------------
[2022-03-10 10:42:03,949] logger_util.py->logs line:71 [INFO] ------------测试开始------------
[2022-03-10 10:42:03,949] logger_util.py->logs line:71 [INFO] 接口名称: 成功登录api获取token
[2022-03-10 10:42:03,949] logger_util.py->logs line:71 [INFO] 请求方式: post
[2022-03-10 10:42:03,949] logger_util.py->logs line:71 [INFO] 请求路径: http://364y369t39.qicp.vip:21371/common/getToken
[2022-03-10 10:42:03,950] logger_util.py->logs line:71 [INFO] 请求头为空
[2022-03-10 10:42:03,950] logger_util.py->logs line:71 [INFO] 请求data参数: {'clientId': '5WV4dG5MKGw2oIDZvvtnaQsnBIwU025E', 'ClientSecret': 'ODZyiyNt0uHY4H9GgrGVT2ocKe84RpaUMTOfYl3ZqF3EYWsn9HKFML6i6GPT', 'timestamp': '1646880123949', 'sign': '6bd3b6314761f425e49b109d1d74219c'}
[2022-03-10 10:42:04,105] logger_util.py->logs line:71 [INFO] 预取结果: [{'equals': {'code': 200}}, {'contains': 200}]
[2022-03-10 10:42:04,105] logger_util.py->logs line:71 [INFO] 实际结果: {'code': 200, 'message': '成功', 'data': {'accessToken': 'fd5a56eb6e8f4db39d30bf5d87f50dfb'}, 'success': True}
[2022-03-10 10:42:04,105] logger_util.py->logs line:71 [INFO] 请求接口成功
[2022-03-10 10:42:04,105] logger_util.py->logs line:71 [INFO] ------------测试结束------------

[2022-03-10 10:42:04,107] logger_util.py->logs line:71 [INFO] ------------测试开始------------
[2022-03-10 10:42:04,107] logger_util.py->logs line:71 [INFO] ------------测试开始------------
[2022-03-10 10:42:04,107] logger_util.py->logs line:71 [INFO] 接口名称: clientId为空
[2022-03-10 10:42:04,107] logger_util.py->logs line:71 [INFO] 请求方式: post
[2022-03-10 10:42:04,107] logger_util.py->logs line:71 [INFO] 请求路径: http://364y369t39.qicp.vip:21371/common/getToken
[2022-03-10 10:42:04,107] logger_util.py->logs line:71 [INFO] 请求头为空
[2022-03-10 10:42:04,107] logger_util.py->logs line:71 [INFO] 请求data参数: {'clientId': '', 'ClientSecret': 'ODZyiyNt0uHY4H9GgrGVT2ocKe84RpaUMTOfYl3ZqF3EYWsn9HKFML6i6GPT', 'timestamp': '1646880124107', 'sign': '4fdcdd78ac4c65ca59917dcc3234cc3e'}
[2022-03-10 10:42:04,128] logger_util.py->logs line:71 [INFO] 预取结果: [{'equals': {'code': 200}}, {'contains': 'clientId错误'}]
[2022-03-10 10:42:04,128] logger_util.py->logs line:71 [INFO] 实际结果: {'code': 400, 'message': 'clientId错误', 'success': False}
[2022-03-10 10:42:04,128] logger_util.py->logs line:71 [INFO] 请求接口成功
[2022-03-10 10:42:04,128] logger_util.py->logs line:71 [INFO] ------------测试结束------------

[2022-03-10 10:42:04,130] logger_util.py->logs line:71 [INFO] ------------测试开始------------
[2022-03-10 10:42:04,131] logger_util.py->logs line:71 [INFO] ------------测试开始------------
[2022-03-10 10:42:04,131] logger_util.py->logs line:71 [INFO] 接口名称: ClientSecret为空
[2022-03-10 10:42:04,131] logger_util.py->logs line:71 [INFO] 请求方式: post
[2022-03-10 10:42:04,131] logger_util.py->logs line:71 [INFO] 请求路径: http://364y369t39.qicp.vip:21371/common/getToken
[2022-03-10 10:42:04,131] logger_util.py->logs line:71 [INFO] 请求头为空
[2022-03-10 10:42:04,131] logger_util.py->logs line:71 [INFO] 请求data参数: {'clientId': '5WV4dG5MKGw2oIDZvvtnaQsnBIwU025E', 'ClientSecret': '', 'timestamp': '1646880124131', 'sign': '87864f6709eff877ca5e1233c00329f5'}
[2022-03-10 10:42:04,156] logger_util.py->logs line:71 [INFO] 预取结果: [{'equals': {'code': 200}}, {'contains': '签名校验错误'}]
[2022-03-10 10:42:04,156] logger_util.py->logs line:71 [INFO] 实际结果: {'code': 400, 'message': '签名校验错误', 'success': False}
[2022-03-10 10:42:04,156] logger_util.py->logs line:71 [INFO] 请求接口成功
[2022-03-10 10:42:04,156] logger_util.py->logs line:71 [INFO] ------------测试结束------------

