[2022-03-07 22:59:55,753] logger_util.py->logs line:73 [INFO] ------------测试开始------------
[2022-03-07 22:59:55,753] logger_util.py->logs line:73 [INFO] ------------测试开始------------
[2022-03-07 22:59:55,753] logger_util.py->logs line:73 [INFO] 接口名称: api获取凭证
[2022-03-07 22:59:55,753] logger_util.py->logs line:73 [INFO] 请求方式: post
[2022-03-07 22:59:55,753] logger_util.py->logs line:73 [INFO] 请求路径: http://192.168.2.129:8088/common/getToken
[2022-03-07 22:59:55,753] logger_util.py->logs line:73 [INFO] 请求头为空
[2022-03-07 22:59:55,754] logger_util.py->logs line:73 [INFO] 请求data参数: {'clientId': 'Wd7tZG1BUXUpKg05jNdACoOzVo7I19qy', 'ClientSecret': 'KAqhE9ESS7T5Y1QoS7wg1T62BNr8KtbN9jVgEhac4uWTkFzGYve6d6A5ZbkR', 'timestamp': '1646665195753', 'sign': 'ace5e13edb450840a3bdf85f203e8c22'}
[2022-03-07 22:59:55,766] logger_util.py->logs line:73 [INFO] 预取结果: [{'equals': {'code': 200}}]
[2022-03-07 22:59:55,767] logger_util.py->logs line:73 [INFO] 实际结果: {'code': 200, 'message': '成功', 'data': {'accessToken': '8ea2600037594860bff6e8515cc12ae8'}, 'success': True}
[2022-03-07 22:59:55,767] logger_util.py->logs line:73 [INFO] 请求接口成功
[2022-03-07 22:59:55,767] logger_util.py->logs line:73 [INFO] ------------测试结束------------

[2022-03-07 22:59:55,770] logger_util.py->logs line:73 [INFO] ------------测试开始------------
[2022-03-07 22:59:55,770] logger_util.py->logs line:73 [INFO] 接口名称: 获取部门列表
[2022-03-07 22:59:55,773] logger_util.py->logs line:73 [INFO] 请求方式: get
[2022-03-07 22:59:55,773] logger_util.py->logs line:73 [INFO] 请求路径: http://192.168.2.129:8088/user/department/list
[2022-03-07 22:59:55,773] logger_util.py->logs line:73 [INFO] 请求头: {'accessToken': '8ea2600037594860bff6e8515cc12ae8'}
[2022-03-07 22:59:55,773] logger_util.py->logs line:73 [INFO] 请求data参数: None
[2022-03-07 22:59:55,781] logger_util.py->logs line:73 [INFO] 预取结果: [{'equals': {'code': 200}}, {'equals': {'message': '成功'}}]
[2022-03-07 22:59:55,782] logger_util.py->logs line:73 [INFO] 实际结果: {'code': 200, 'message': '成功', 'data': [{'id': '1496393241355599873', 'name': '企业名称'}, {'id': '1496412504669798402', 'name': '1', 'parentId': '1496393241355599873'}], 'success': True}
[2022-03-07 22:59:55,782] logger_util.py->logs line:73 [INFO] 请求接口成功
[2022-03-07 22:59:55,782] logger_util.py->logs line:73 [INFO] ------------测试结束------------

[2022-03-07 22:59:55,784] logger_util.py->logs line:73 [INFO] ------------测试开始------------
[2022-03-07 22:59:55,784] logger_util.py->logs line:73 [INFO] 接口名称: 成功新增部门
[2022-03-07 22:59:55,789] logger_util.py->logs line:73 [INFO] 请求方式: post
[2022-03-07 22:59:55,789] logger_util.py->logs line:73 [INFO] 请求路径: http://192.168.2.129:8088/user/department/save
[2022-03-07 22:59:55,789] logger_util.py->logs line:73 [INFO] 请求头: {'accessToken': '8ea2600037594860bff6e8515cc12ae8'}
[2022-03-07 22:59:55,789] logger_util.py->logs line:73 [INFO] 请求data参数: {'id': None, 'name': '销售部门', 'parentId': '1496393241355599873'}
[2022-03-07 22:59:55,801] logger_util.py->logs line:73 [INFO] 预取结果: [{'equals': {'code': 200}}, {'equals': {'message': '成功'}}, {'contains': 200}]
[2022-03-07 22:59:55,801] logger_util.py->logs line:73 [INFO] 实际结果: {'code': 200, 'message': '成功', 'data': {'id': '1500848584278130689', 'name': '销售部门', 'parentId': '1496393241355599873'}, 'success': True}
[2022-03-07 22:59:55,801] logger_util.py->logs line:73 [INFO] 请求接口成功
[2022-03-07 22:59:55,802] logger_util.py->logs line:73 [INFO] ------------测试结束------------

[2022-03-07 22:59:55,803] logger_util.py->logs line:73 [INFO] ------------测试开始------------
[2022-03-07 22:59:55,803] logger_util.py->logs line:73 [INFO] 接口名称: 修改部门名称
[2022-03-07 22:59:55,807] logger_util.py->logs line:73 [INFO] 请求方式: post
[2022-03-07 22:59:55,807] logger_util.py->logs line:73 [INFO] 请求路径: http://192.168.2.129:8088/user/department/save
[2022-03-07 22:59:55,807] logger_util.py->logs line:73 [INFO] 请求头: {'accessToken': '8ea2600037594860bff6e8515cc12ae8'}
[2022-03-07 22:59:55,808] logger_util.py->logs line:73 [INFO] 请求data参数: {'id': '1500848584278130689', 'name': '修改部门名称', 'parentId': '1496393241355599873'}
[2022-03-07 22:59:55,815] logger_util.py->logs line:73 [INFO] 预取结果: [{'equals': {'code': 200}}, {'equals': {'message': '成功'}}]
[2022-03-07 22:59:55,816] logger_util.py->logs line:73 [INFO] 实际结果: {'code': 200, 'message': '成功', 'data': {'id': '1500848584278130689', 'name': '修改部门名称', 'parentId': '1496393241355599873'}, 'success': True}
[2022-03-07 22:59:55,816] logger_util.py->logs line:73 [INFO] 请求接口成功
[2022-03-07 22:59:55,816] logger_util.py->logs line:73 [INFO] ------------测试结束------------

[2022-03-07 22:59:55,818] logger_util.py->logs line:73 [INFO] ------------测试开始------------
[2022-03-07 22:59:55,818] logger_util.py->logs line:73 [INFO] 接口名称: 查询部门
[2022-03-07 22:59:55,819] logger_util.py->logs line:73 [INFO] 请求方式: get
[2022-03-07 22:59:55,819] logger_util.py->logs line:73 [INFO] 请求路径: http://192.168.2.129:8088/user/department/get/1500848584278130689
[2022-03-07 22:59:55,819] logger_util.py->logs line:73 [INFO] 请求头: {'accessToken': '8ea2600037594860bff6e8515cc12ae8'}
[2022-03-07 22:59:55,819] logger_util.py->logs line:73 [INFO] 请求data参数: {'id': '1500848584278130689'}
[2022-03-07 22:59:55,824] logger_util.py->logs line:73 [INFO] 预取结果: [{'equals': {'code': 200}}, {'equals': {'message': '成功'}}]
[2022-03-07 22:59:55,824] logger_util.py->logs line:73 [INFO] 实际结果: {'code': 200, 'message': '成功', 'data': {'id': '1500848584278130689', 'name': '修改部门名称', 'parentId': '1496393241355599873'}, 'success': True}
[2022-03-07 22:59:55,824] logger_util.py->logs line:73 [INFO] 请求接口成功
[2022-03-07 22:59:55,824] logger_util.py->logs line:73 [INFO] ------------测试结束------------

[2022-03-07 22:59:55,827] logger_util.py->logs line:73 [INFO] ------------测试开始------------
[2022-03-07 22:59:55,827] logger_util.py->logs line:73 [INFO] 接口名称: 删除部门
[2022-03-07 22:59:55,828] logger_util.py->logs line:73 [INFO] 请求方式: delete
[2022-03-07 22:59:55,828] logger_util.py->logs line:73 [INFO] 请求路径: http://192.168.2.129:8088/user/department/delete/1500848584278130689
[2022-03-07 22:59:55,828] logger_util.py->logs line:73 [INFO] 请求头: {'accessToken': '8ea2600037594860bff6e8515cc12ae8'}
[2022-03-07 22:59:55,828] logger_util.py->logs line:73 [INFO] 请求data参数: {'id': '1500848584278130689'}
[2022-03-07 22:59:55,842] logger_util.py->logs line:73 [INFO] 预取结果: [{'equals': {'code': 200}}, {'equals': {'message': '成功'}}]
[2022-03-07 22:59:55,842] logger_util.py->logs line:73 [INFO] 实际结果: {'code': 200, 'message': '成功', 'data': 1500848584278130689, 'success': True}
[2022-03-07 22:59:55,842] logger_util.py->logs line:73 [INFO] 请求接口成功
[2022-03-07 22:59:55,842] logger_util.py->logs line:73 [INFO] ------------测试结束------------

[2022-03-07 22:59:55,846] logger_util.py->logs line:73 [INFO] ------------测试开始------------
[2022-03-07 22:59:55,847] logger_util.py->logs line:73 [INFO] 接口名称: 获取用户列表
[2022-03-07 22:59:55,848] logger_util.py->logs line:73 [INFO] 请求方式: get
[2022-03-07 22:59:55,848] logger_util.py->logs line:73 [INFO] 请求路径: http://192.168.2.129:8088/user/list
[2022-03-07 22:59:55,848] logger_util.py->logs line:73 [INFO] 请求头: {'accessToken': '8ea2600037594860bff6e8515cc12ae8'}
[2022-03-07 22:59:55,848] logger_util.py->logs line:73 [INFO] 请求params参数: {'organizationId': '1496393241355599873', 'curPage': 1, 'pageSize': 10}
[2022-03-07 22:59:55,860] logger_util.py->logs line:73 [INFO] 预取结果: [{'equals': {'code': 200}}, {'equals': {'message': '成功'}}]
[2022-03-07 22:59:55,861] logger_util.py->logs line:73 [INFO] 实际结果: {'code': 200, 'message': '成功', 'data': {'records': [{'id': '1496393241233965057', 'name': '管理员', 'email': 'admin@qq.com', 'loginName': 'admin', 'phone': '', 'newRole': '100,80,50'}, {'id': '1496415070606573569', 'name': '111', 'email': '', 'loginName': '111', 'phone': '', 'newRole': '0'}], 'total': 2, 'size': 10, 'current': 1, 'orders': [], 'searchCount': True, 'pages': 1}, 'success': True}
[2022-03-07 22:59:55,861] logger_util.py->logs line:73 [INFO] 请求接口成功
[2022-03-07 22:59:55,861] logger_util.py->logs line:73 [INFO] ------------测试结束------------

[2022-03-07 23:26:46,605] logger_util.py->logs line:71 [INFO] ------------测试开始------------
[2022-03-07 23:26:46,605] logger_util.py->logs line:71 [INFO] ------------测试开始------------
[2022-03-07 23:26:46,605] logger_util.py->logs line:71 [INFO] 接口名称: api获取凭证
[2022-03-07 23:26:46,605] logger_util.py->logs line:71 [INFO] 请求方式: post
[2022-03-07 23:26:46,605] logger_util.py->logs line:71 [INFO] 请求路径: http://192.168.2.129:8088/common/getToken
[2022-03-07 23:26:46,606] logger_util.py->logs line:71 [INFO] 请求头为空
[2022-03-07 23:26:46,606] logger_util.py->logs line:71 [INFO] 请求data参数: {'clientId': 'Wd7tZG1BUXUpKg05jNdACoOzVo7I19qy', 'ClientSecret': 'KAqhE9ESS7T5Y1QoS7wg1T62BNr8KtbN9jVgEhac4uWTkFzGYve6d6A5ZbkR', 'timestamp': '1646666806605', 'sign': 'eccbbbb35da1cc1c66a9825026e7843b'}
[2022-03-07 23:26:46,622] logger_util.py->logs line:71 [INFO] 预取结果: [{'equals': {'code': 200}}]
[2022-03-07 23:26:46,622] logger_util.py->logs line:71 [INFO] 实际结果: {'code': 200, 'message': '成功', 'data': {'accessToken': '36a9b04f21624ecf92f78c5c1f2e7230'}, 'success': True}
[2022-03-07 23:26:46,622] logger_util.py->logs line:71 [INFO] 请求接口成功
[2022-03-07 23:26:46,622] logger_util.py->logs line:71 [INFO] ------------测试结束------------

[2022-03-07 23:26:46,624] logger_util.py->logs line:71 [INFO] ------------测试开始------------
[2022-03-07 23:26:46,624] logger_util.py->logs line:71 [INFO] 接口名称: 获取部门列表
[2022-03-07 23:26:46,627] logger_util.py->logs line:71 [INFO] 请求方式: get
[2022-03-07 23:26:46,627] logger_util.py->logs line:71 [INFO] 请求路径: http://192.168.2.129:8088/user/department/list
[2022-03-07 23:26:46,627] logger_util.py->logs line:71 [INFO] 请求头: {'accessToken': '36a9b04f21624ecf92f78c5c1f2e7230'}
[2022-03-07 23:26:46,627] logger_util.py->logs line:71 [INFO] 请求data参数: None
[2022-03-07 23:26:46,637] logger_util.py->logs line:71 [INFO] 预取结果: [{'equals': {'code': 200}}, {'equals': {'message': '成功'}}]
[2022-03-07 23:26:46,637] logger_util.py->logs line:71 [INFO] 实际结果: {'code': 200, 'message': '成功', 'data': [{'id': '1496393241355599873', 'name': '企业名称'}, {'id': '1496412504669798402', 'name': '1', 'parentId': '1496393241355599873'}], 'success': True}
[2022-03-07 23:26:46,638] logger_util.py->logs line:71 [INFO] 请求接口成功
[2022-03-07 23:26:46,638] logger_util.py->logs line:71 [INFO] ------------测试结束------------

[2022-03-07 23:26:46,639] logger_util.py->logs line:71 [INFO] ------------测试开始------------
[2022-03-07 23:26:46,639] logger_util.py->logs line:71 [INFO] 接口名称: 成功新增部门
[2022-03-07 23:26:46,642] logger_util.py->logs line:71 [INFO] 请求方式: post
[2022-03-07 23:26:46,643] logger_util.py->logs line:71 [INFO] 请求路径: http://192.168.2.129:8088/user/department/save
[2022-03-07 23:26:46,643] logger_util.py->logs line:71 [INFO] 请求头: {'accessToken': '36a9b04f21624ecf92f78c5c1f2e7230'}
[2022-03-07 23:26:46,643] logger_util.py->logs line:71 [INFO] 请求data参数: {'id': None, 'name': '销售部门', 'parentId': '1496393241355599873'}
[2022-03-07 23:26:46,656] logger_util.py->logs line:71 [INFO] 预取结果: [{'equals': {'code': 200}}, {'equals': {'message': '成功'}}, {'contains': 200}]
[2022-03-07 23:26:46,656] logger_util.py->logs line:71 [INFO] 实际结果: {'code': 200, 'message': '成功', 'data': {'id': '1500855340626591746', 'name': '销售部门', 'parentId': '1496393241355599873'}, 'success': True}
[2022-03-07 23:26:46,657] logger_util.py->logs line:71 [INFO] 请求接口成功
[2022-03-07 23:26:46,657] logger_util.py->logs line:71 [INFO] ------------测试结束------------

[2022-03-07 23:26:46,658] logger_util.py->logs line:71 [INFO] ------------测试开始------------
[2022-03-07 23:26:46,658] logger_util.py->logs line:71 [INFO] 接口名称: 修改部门名称
[2022-03-07 23:26:46,662] logger_util.py->logs line:71 [INFO] 请求方式: post
[2022-03-07 23:26:46,662] logger_util.py->logs line:71 [INFO] 请求路径: http://192.168.2.129:8088/user/department/save
[2022-03-07 23:26:46,662] logger_util.py->logs line:71 [INFO] 请求头: {'accessToken': '36a9b04f21624ecf92f78c5c1f2e7230'}
[2022-03-07 23:26:46,662] logger_util.py->logs line:71 [INFO] 请求data参数: {'id': '1500855340626591746', 'name': '修改部门名称', 'parentId': '1496393241355599873'}
[2022-03-07 23:26:46,672] logger_util.py->logs line:71 [INFO] 预取结果: [{'equals': {'code': 200}}, {'equals': {'message': '成功'}}]
[2022-03-07 23:26:46,672] logger_util.py->logs line:71 [INFO] 实际结果: {'code': 200, 'message': '成功', 'data': {'id': '1500855340626591746', 'name': '修改部门名称', 'parentId': '1496393241355599873'}, 'success': True}
[2022-03-07 23:26:46,672] logger_util.py->logs line:71 [INFO] 请求接口成功
[2022-03-07 23:26:46,672] logger_util.py->logs line:71 [INFO] ------------测试结束------------

[2022-03-07 23:26:46,674] logger_util.py->logs line:71 [INFO] ------------测试开始------------
[2022-03-07 23:26:46,674] logger_util.py->logs line:71 [INFO] 接口名称: 查询部门
[2022-03-07 23:26:46,675] logger_util.py->logs line:71 [INFO] 请求方式: get
[2022-03-07 23:26:46,675] logger_util.py->logs line:71 [INFO] 请求路径: http://192.168.2.129:8088/user/department/get/1500855340626591746
[2022-03-07 23:26:46,675] logger_util.py->logs line:71 [INFO] 请求头: {'accessToken': '36a9b04f21624ecf92f78c5c1f2e7230'}
[2022-03-07 23:26:46,675] logger_util.py->logs line:71 [INFO] 请求data参数: {'id': '1500855340626591746'}
[2022-03-07 23:26:46,684] logger_util.py->logs line:71 [INFO] 预取结果: [{'equals': {'code': 200}}, {'equals': {'message': '成功'}}]
[2022-03-07 23:26:46,685] logger_util.py->logs line:71 [INFO] 实际结果: {'code': 200, 'message': '成功', 'data': {'id': '1500855340626591746', 'name': '修改部门名称', 'parentId': '1496393241355599873'}, 'success': True}
[2022-03-07 23:26:46,685] logger_util.py->logs line:71 [INFO] 请求接口成功
[2022-03-07 23:26:46,685] logger_util.py->logs line:71 [INFO] ------------测试结束------------

[2022-03-07 23:26:46,686] logger_util.py->logs line:71 [INFO] ------------测试开始------------
[2022-03-07 23:26:46,687] logger_util.py->logs line:71 [INFO] 接口名称: 删除部门
[2022-03-07 23:26:46,688] logger_util.py->logs line:71 [INFO] 请求方式: delete
[2022-03-07 23:26:46,688] logger_util.py->logs line:71 [INFO] 请求路径: http://192.168.2.129:8088/user/department/delete/1500855340626591746
[2022-03-07 23:26:46,688] logger_util.py->logs line:71 [INFO] 请求头: {'accessToken': '36a9b04f21624ecf92f78c5c1f2e7230'}
[2022-03-07 23:26:46,688] logger_util.py->logs line:71 [INFO] 请求data参数: {'id': '1500855340626591746'}
[2022-03-07 23:26:46,701] logger_util.py->logs line:71 [INFO] 预取结果: [{'equals': {'code': 200}}, {'equals': {'message': '成功'}}]
[2022-03-07 23:26:46,701] logger_util.py->logs line:71 [INFO] 实际结果: {'code': 200, 'message': '成功', 'data': 1500855340626591746, 'success': True}
[2022-03-07 23:26:46,701] logger_util.py->logs line:71 [INFO] 请求接口成功
[2022-03-07 23:26:46,701] logger_util.py->logs line:71 [INFO] ------------测试结束------------

[2022-03-07 23:26:46,703] logger_util.py->logs line:71 [INFO] ------------测试开始------------
[2022-03-07 23:26:46,703] logger_util.py->logs line:71 [INFO] 接口名称: 获取用户列表
[2022-03-07 23:26:46,704] logger_util.py->logs line:71 [INFO] 请求方式: get
[2022-03-07 23:26:46,704] logger_util.py->logs line:71 [INFO] 请求路径: http://192.168.2.129:8088/user/list
[2022-03-07 23:26:46,704] logger_util.py->logs line:71 [INFO] 请求头: {'accessToken': '36a9b04f21624ecf92f78c5c1f2e7230'}
[2022-03-07 23:26:46,704] logger_util.py->logs line:71 [INFO] 请求params参数: {'organizationId': '1496393241355599873', 'curPage': 1, 'pageSize': 10}
[2022-03-07 23:26:46,715] logger_util.py->logs line:71 [INFO] 预取结果: [{'equals': {'code': 200}}, {'equals': {'message': '成功'}}]
[2022-03-07 23:26:46,715] logger_util.py->logs line:71 [INFO] 实际结果: {'code': 200, 'message': '成功', 'data': {'records': [{'id': '1496393241233965057', 'name': '管理员', 'email': 'admin@qq.com', 'loginName': 'admin', 'phone': '', 'newRole': '100,80,50'}, {'id': '1496415070606573569', 'name': '111', 'email': '', 'loginName': '111', 'phone': '', 'newRole': '0'}], 'total': 2, 'size': 10, 'current': 1, 'orders': [], 'searchCount': True, 'pages': 1}, 'success': True}
[2022-03-07 23:26:46,716] logger_util.py->logs line:71 [INFO] 请求接口成功
[2022-03-07 23:26:46,716] logger_util.py->logs line:71 [INFO] ------------测试结束------------

